<?xml version="1.0" encoding="UTF-8"?>
<testng-results ignored="0" total="1" passed="1" failed="0" skipped="0">
  <reporter-output>
  </reporter-output>
  <suite started-at="2023-10-15T22:40:17 IST" name="Default suite" finished-at="2023-10-15T22:40:17 IST" duration-ms="133">
    <groups>
    </groups>
    <test started-at="2023-10-15T22:40:17 IST" name="Default test" finished-at="2023-10-15T22:40:17 IST" duration-ms="133">
      <class name="PS1">
        <test-method is-config="true" signature="beforeRun()[pri:0, instance:PS1@a38c7fe]" started-at="2023-10-15T22:40:17 IST" name="beforeRun" finished-at="2023-10-15T22:40:17 IST" duration-ms="19" status="PASS">
          <reporter-output>
          </reporter-output>
        </test-method> <!-- beforeRun -->
        <test-method signature="login()[pri:0, instance:PS1@a38c7fe]" started-at="2023-10-15T22:40:17 IST" name="login" finished-at="2023-10-15T22:40:17 IST" duration-ms="19" status="PASS">
          <reporter-output>
          </reporter-output>
        </test-method> <!-- login -->
      </class> <!-- PS1 -->
    </test> <!-- Default test -->
  </suite> <!-- Default suite -->
</testng-results>
