<?xml version="1.0" encoding="UTF-8"?>
<!-- Generated by org.testng.reporters.JUnitXMLReporter -->
<testsuite ignored="1" hostname="Anamika_Kumari" failures="0" tests="7" name="check" time="0.043" errors="0" timestamp="2023-10-14T22:32:37 IST">
  <testcase classname="ToolsQA.day1" name="laptop" time="0.001"/>
  <testcase classname="ToolsQA.day1" name="TestCheck" time="0.001"/>
  <testcase classname="ToolsQA.day1" name="checkDependency" time="0.001"/>
  <testcase classname="ToolsQA.day3" name="APILogin" time="0.0"/>
  <testcase classname="ToolsQA.day3" name="CarAPILogin" time="0.001"/>
  <testcase classname="ToolsQA.day3" name="CarLoginMobile" time="0.001"/>
  <testcase classname="ToolsQA.day3" name="CarLoginWeb" time="0.001"/>
  <testcase classname="ToolsQA.day1" name="check" time="0.0">
    <ignored/>
  </testcase> <!-- check -->
</testsuite> <!-- check -->
