<?xml version="1.0" encoding="UTF-8"?>
<!-- Generated by org.testng.reporters.JUnitXMLReporter -->
<testsuite ignored="3" hostname="Anamika_Kumari" failures="0" tests="1" name="TestCheck" time="0.009" errors="0" timestamp="2023-10-13T20:30:58 IST">
  <testcase classname="ToolsQA.day3" name="APILogin" time="0.002"/>
  <testcase classname="ToolsQA.day3" name="CarAPILogin" time="0.0">
    <ignored/>
  </testcase> <!-- CarAPILogin -->
  <testcase classname="ToolsQA.day3" name="CarLoginMobile" time="0.0">
    <ignored/>
  </testcase> <!-- CarLoginMobile -->
  <testcase classname="ToolsQA.day3" name="CarLoginWeb" time="0.0">
    <ignored/>
  </testcase> <!-- CarLoginWeb -->
</testsuite> <!-- TestCheck -->
